<?xml version="1.0" encoding="UTF-8"?>
<!-- Generated by org.testng.reporters.JUnitReportReporter -->
<testsuite hostname="SYSADMINs-MBP" name="com.interview.mobilebanking.CommonTest" tests="1" failures="0" timestamp="9 Apr 2017 15:00:21 GMT" time="55.751" errors="0">
  <testcase name="login_Test" time="55.751" classname="com.interview.mobilebanking.CommonTest"/>
</testsuite> <!-- com.interview.mobilebanking.CommonTest -->
