<?xml version="1.0" encoding="UTF-8"?>
<!-- Generated by org.testng.reporters.JUnitReportReporter -->
<testsuite hostname="SYSADMINs-MacBook-Pro.local" name="com.interview.mobilebanking.CommonTest" tests="1" failures="0" timestamp="22 Apr 2017 11:31:25 GMT" time="171.746" errors="0">
  <testcase name="validLogin_Test" time="171.746" classname="com.interview.mobilebanking.CommonTest"/>
</testsuite> <!-- com.interview.mobilebanking.CommonTest -->
