<?xml version="1.0" encoding="UTF-8"?>
<!-- Generated by org.testng.reporters.JUnitReportReporter -->
<testsuite hostname="SYSADMINs-MBP" name="com.interview.mobilebanking.CommonTest" tests="1" failures="0" timestamp="9 Apr 2017 10:44:51 GMT" time="65.858" errors="0">
  <testcase name="accountSummary_Test" time="65.858" classname="com.interview.mobilebanking.CommonTest"/>
</testsuite> <!-- com.interview.mobilebanking.CommonTest -->
